### Log Entry ###
Date\Time: 2015-10-20 00:48:41
tom brady $8100

### Log Entry ###
Date\Time: 2015-10-20 00:48:41
aaron rodgers $7700

### Log Entry ###
Date\Time: 2015-10-20 00:48:41
joe flacco $5900

### Log Entry ###
Date\Time: 2015-10-20 00:48:46
tom brady $8100

### Log Entry ###
Date\Time: 2015-10-20 00:48:46
aaron rodgers $7700

### Log Entry ###
Date\Time: 2015-10-20 00:48:46
joe flacco $5900

### Log Entry ###
Date\Time: 2015-10-20 00:49:01
tom brady $8100

### Log Entry ###
Date\Time: 2015-10-20 00:49:01
aaron rodgers $7700

### Log Entry ###
Date\Time: 2015-10-20 00:49:01
joe flacco $5900

### Log Entry ###
Date\Time: 2015-10-20 00:49:08
tom brady $8100

### Log Entry ###
Date\Time: 2015-10-20 00:49:08
aaron rodgers $7700

### Log Entry ###
Date\Time: 2015-10-20 00:49:08
joe flacco $5900

### Log Entry ###
Date\Time: 2015-10-20 00:49:11
tom brady $8100

### Log Entry ###
Date\Time: 2015-10-20 00:49:11
aaron rodgers $7700

### Log Entry ###
Date\Time: 2015-10-20 00:49:11
joe flacco $5900

### Log Entry ###
Date\Time: 2015-10-20 00:49:14
tom brady $8100

### Log Entry ###
Date\Time: 2015-10-20 00:49:14
aaron rodgers $7700

### Log Entry ###
Date\Time: 2015-10-20 00:49:14
joe flacco $5900

### Log Entry ###
Date\Time: 2015-10-20 00:49:16
tom brady $8100

### Log Entry ###
Date\Time: 2015-10-20 00:49:16
aaron rodgers $7700

### Log Entry ###
Date\Time: 2015-10-20 00:49:16
joe flacco $5900

### Log Entry ###
Date\Time: 2015-10-20 00:49:16
tom brady $8100

### Log Entry ###
Date\Time: 2015-10-20 00:49:16
aaron rodgers $7700

### Log Entry ###
Date\Time: 2015-10-20 00:49:16
joe flacco $5900

### Log Entry ###
Date\Time: 2015-10-20 00:49:17
tom brady $8100

### Log Entry ###
Date\Time: 2015-10-20 00:49:17
aaron rodgers $7700

### Log Entry ###
Date\Time: 2015-10-20 00:49:17
joe flacco $5900

### Log Entry ###
Date\Time: 2015-10-20 00:49:19
tom brady $8100

### Log Entry ###
Date\Time: 2015-10-20 00:49:19
aaron rodgers $7700

### Log Entry ###
Date\Time: 2015-10-20 00:49:19
joe flacco $5900

### Log Entry ###
Date\Time: 2015-10-20 00:49:20
tom brady $8100

### Log Entry ###
Date\Time: 2015-10-20 00:49:20
aaron rodgers $7700

### Log Entry ###
Date\Time: 2015-10-20 00:49:20
joe flacco $5900

### Log Entry ###
Date\Time: 2015-10-20 00:49:54
tom brady $8100

### Log Entry ###
Date\Time: 2015-10-20 00:49:54
aaron rodgers $7700

### Log Entry ###
Date\Time: 2015-10-20 00:49:54
joe flacco $5900

### Log Entry ###
Date\Time: 2015-10-20 00:49:57
tom brady $8100

### Log Entry ###
Date\Time: 2015-10-20 00:49:57
aaron rodgers $7700

### Log Entry ###
Date\Time: 2015-10-20 00:49:57
joe flacco $5900

### Log Entry ###
Date\Time: 2015-10-20 00:51:56
tom brady $8100

### Log Entry ###
Date\Time: 2015-10-20 00:51:56
aaron rodgers $7700

### Log Entry ###
Date\Time: 2015-10-20 00:51:56
joe flacco $5900

### Log Entry ###
Date\Time: 2015-10-20 00:51:59
tom brady $8100

### Log Entry ###
Date\Time: 2015-10-20 00:51:59
aaron rodgers $7700

### Log Entry ###
Date\Time: 2015-10-20 00:51:59
joe flacco $5900

### Log Entry ###
Date\Time: 2015-10-20 00:52:00
tom brady $8100

### Log Entry ###
Date\Time: 2015-10-20 00:52:00
aaron rodgers $7700

### Log Entry ###
Date\Time: 2015-10-20 00:52:00
joe flacco $5900

### Log Entry ###
Date\Time: 2015-10-20 00:52:02
tom brady $8100

### Log Entry ###
Date\Time: 2015-10-20 00:52:02
aaron rodgers $7700

### Log Entry ###
Date\Time: 2015-10-20 00:52:02
joe flacco $5900

### Log Entry ###
Date\Time: 2015-10-20 00:52:03
tom brady $8100

### Log Entry ###
Date\Time: 2015-10-20 00:52:03
aaron rodgers $7700

### Log Entry ###
Date\Time: 2015-10-20 00:52:03
joe flacco $5900

### Log Entry ###
Date\Time: 2015-10-20 00:52:04
tom brady $8100

### Log Entry ###
Date\Time: 2015-10-20 00:52:04
aaron rodgers $7700

### Log Entry ###
Date\Time: 2015-10-20 00:52:04
joe flacco $5900

### Log Entry ###
Date\Time: 2015-10-20 00:52:05
tom brady $8100

### Log Entry ###
Date\Time: 2015-10-20 00:52:05
aaron rodgers $7700

### Log Entry ###
Date\Time: 2015-10-20 00:52:05
joe flacco $5900

### Log Entry ###
Date\Time: 2015-10-20 00:52:06
tom brady $8100

### Log Entry ###
Date\Time: 2015-10-20 00:52:06
aaron rodgers $7700

### Log Entry ###
Date\Time: 2015-10-20 00:52:06
joe flacco $5900

### Log Entry ###
Date\Time: 2015-10-20 00:52:07
tom brady $8100

### Log Entry ###
Date\Time: 2015-10-20 00:52:07
aaron rodgers $7700

### Log Entry ###
Date\Time: 2015-10-20 00:52:07
joe flacco $5900

### Log Entry ###
Date\Time: 2015-10-20 00:52:08
tom brady $8100

### Log Entry ###
Date\Time: 2015-10-20 00:52:08
aaron rodgers $7700

### Log Entry ###
Date\Time: 2015-10-20 00:52:08
joe flacco $5900

### Log Entry ###
Date\Time: 2015-10-20 00:52:10
tom brady $8100

### Log Entry ###
Date\Time: 2015-10-20 00:52:10
aaron rodgers $7700

### Log Entry ###
Date\Time: 2015-10-20 00:52:10
joe flacco $5900

### Log Entry ###
Date\Time: 2015-10-20 00:52:44
tom brady $8100

### Log Entry ###
Date\Time: 2015-10-20 00:52:44
aaron rodgers $7700

### Log Entry ###
Date\Time: 2015-10-20 00:52:44
joe flacco $5900

### Log Entry ###
Date\Time: 2015-10-20 00:52:45
tom brady $8100

### Log Entry ###
Date\Time: 2015-10-20 00:52:45
aaron rodgers $7700

### Log Entry ###
Date\Time: 2015-10-20 00:52:45
joe flacco $5900

### Log Entry ###
Date\Time: 2015-10-20 00:52:47
tom brady $8100

### Log Entry ###
Date\Time: 2015-10-20 00:52:47
aaron rodgers $7700

### Log Entry ###
Date\Time: 2015-10-20 00:52:47
joe flacco $5900

### Log Entry ###
Date\Time: 2015-10-20 00:52:47
tom brady $8100

### Log Entry ###
Date\Time: 2015-10-20 00:52:47
aaron rodgers $7700

### Log Entry ###
Date\Time: 2015-10-20 00:52:47
joe flacco $5900

### Log Entry ###
Date\Time: 2015-10-20 00:52:48
tom brady $8100

### Log Entry ###
Date\Time: 2015-10-20 00:52:48
aaron rodgers $7700

### Log Entry ###
Date\Time: 2015-10-20 00:52:48
joe flacco $5900

### Log Entry ###
Date\Time: 2015-10-20 00:52:49
tom brady $8100

### Log Entry ###
Date\Time: 2015-10-20 00:52:49
aaron rodgers $7700

### Log Entry ###
Date\Time: 2015-10-20 00:52:49
joe flacco $5900

### Log Entry ###
Date\Time: 2015-10-20 00:52:50
tom brady $8100

### Log Entry ###
Date\Time: 2015-10-20 00:52:50
aaron rodgers $7700

### Log Entry ###
Date\Time: 2015-10-20 00:52:50
joe flacco $5900

### Log Entry ###
Date\Time: 2015-10-20 00:52:51
tom brady $8100

### Log Entry ###
Date\Time: 2015-10-20 00:52:51
aaron rodgers $7700

### Log Entry ###
Date\Time: 2015-10-20 00:52:51
joe flacco $5900

### Log Entry ###
Date\Time: 2015-10-20 00:52:51
tom brady $8100

### Log Entry ###
Date\Time: 2015-10-20 00:52:51
aaron rodgers $7700

### Log Entry ###
Date\Time: 2015-10-20 00:52:51
joe flacco $5900

### Log Entry ###
Date\Time: 2015-10-20 00:52:52
tom brady $8100

### Log Entry ###
Date\Time: 2015-10-20 00:52:52
aaron rodgers $7700

### Log Entry ###
Date\Time: 2015-10-20 00:52:52
joe flacco $5900

